# JRE version: OpenJDK Runtime Environment Microsoft-8035246 (17.0.8+7) (build 17.0.8+7-LTS)
# Java VM: OpenJDK 64-Bit Server VM Microsoft-8035246 (17.0.8+7-LTS, mixed mode, sharing, tiered, compressed oops, compressed class ptrs, g1 gc, windows-amd64)
GC Precious Log:
 CPUs: 4 total, 4 available
 Memory: 12176M
 Large Page Support: Disabled
 NUMA Support: Disabled
 Compressed Oops: Enabled (32-bit)
 Heap Region Size: 1M
 Heap Min Capacity: 8M
 Heap Initial Capacity: 192M
 Heap Max Capacity: 2G
 Pre-touch: Disabled
 Parallel Workers: 4
 Concurrent Workers: 1
 Concurrent Refinement Workers: 4
 Periodic GC: Disabled
Heap:
 garbage-first heap   total 367616K, used 227594K [0x0000000080000000, 0x0000000100000000)
  region size 1024K, 21 young (21504K), 2 survivors (2048K)
 Metaspace       used 104466K, committed 105728K, reserved 557056K
  class space    used 14601K, committed 15168K, reserved 425984K
GC Heap History (20 events):
Event: 112.781 GC heap before
{Heap before GC invocations=56 (full 0):
 garbage-first heap   total 335872K, used 145721K [0x0000000080000000, 0x0000000100000000)
  region size 1024K, 16 young (16384K), 12 survivors (12288K)
 Metaspace       used 92167K, committed 93184K, reserved 557056K
  class space    used 13000K, committed 13440K, reserved 425984K
}
Event: 112.800 GC heap after
{Heap after GC invocations=57 (full 0):
 garbage-first heap   total 335872K, used 144371K [0x0000000080000000, 0x0000000100000000)
  region size 1024K, 2 young (2048K), 2 survivors (2048K)
 Metaspace       used 92167K, committed 93184K, reserved 557056K
  class space    used 13000K, committed 13440K, reserved 425984K
}
Event: 114.033 GC heap before
{Heap before GC invocations=57 (full 0):
 garbage-first heap   total 335872K, used 225267K [0x0000000080000000, 0x0000000100000000)
  region size 1024K, 81 young (82944K), 2 survivors (2048K)
 Metaspace       used 95563K, committed 96576K, reserved 557056K
  class space    used 13503K, committed 13952K, reserved 425984K
}
Event: 114.048 GC heap after
{Heap after GC invocations=58 (full 0):
 garbage-first heap   total 335872K, used 149046K [0x0000000080000000, 0x0000000100000000)
  region size 1024K, 7 young (7168K), 7 survivors (7168K)
 Metaspace       used 95563K, committed 96576K, reserved 557056K
  class space    used 13503K, committed 13952K, reserved 425984K
}
Event: 115.170 GC heap before
{Heap before GC invocations=58 (full 0):
 garbage-first heap   total 335872K, used 233014K [0x0000000080000000, 0x0000000100000000)
  region size 1024K, 90 young (92160K), 7 survivors (7168K)
 Metaspace       used 95910K, committed 97024K, reserved 557056K
  class space    used 13537K, committed 14016K, reserved 425984K
}
Event: 115.212 GC heap after
{Heap after GC invocations=59 (full 0):
 garbage-first heap   total 335872K, used 163772K [0x0000000080000000, 0x0000000100000000)
  region size 1024K, 12 young (12288K), 12 survivors (12288K)
 Metaspace       used 95910K, committed 97024K, reserved 557056K
  class space    used 13537K, committed 14016K, reserved 425984K
}
Event: 117.472 GC heap before
{Heap before GC invocations=60 (full 0):
 garbage-first heap   total 335872K, used 246716K [0x0000000080000000, 0x0000000100000000)
  region size 1024K, 91 young (93184K), 12 survivors (12288K)
 Metaspace       used 97898K, committed 99072K, reserved 557056K
  class space    used 13740K, committed 14272K, reserved 425984K
}
Event: 117.502 GC heap after
{Heap after GC invocations=61 (full 0):
 garbage-first heap   total 335872K, used 182272K [0x0000000080000000, 0x0000000100000000)
  region size 1024K, 12 young (12288K), 12 survivors (12288K)
 Metaspace       used 97898K, committed 99072K, reserved 557056K
  class space    used 13740K, committed 14272K, reserved 425984K
}
Event: 117.569 GC heap before
{Heap before GC invocations=61 (full 0):
 garbage-first heap   total 335872K, used 186368K [0x0000000080000000, 0x0000000100000000)
  region size 1024K, 16 young (16384K), 12 survivors (12288K)
 Metaspace       used 98045K, committed 99200K, reserved 557056K
  class space    used 13760K, committed 14272K, reserved 425984K
}
Event: 117.592 GC heap after
{Heap after GC invocations=62 (full 0):
 garbage-first heap   total 335872K, used 184832K [0x0000000080000000, 0x0000000100000000)
  region size 1024K, 2 young (2048K), 2 survivors (2048K)
 Metaspace       used 98045K, committed 99200K, reserved 557056K
  class space    used 13760K, committed 14272K, reserved 425984K
}
Event: 119.100 GC heap before
{Heap before GC invocations=62 (full 0):
 garbage-first heap   total 335872K, used 254464K [0x0000000080000000, 0x0000000100000000)
  region size 1024K, 70 young (71680K), 2 survivors (2048K)
 Metaspace       used 102222K, committed 103488K, reserved 557056K
  class space    used 14359K, committed 14912K, reserved 425984K
}
Event: 119.119 GC heap after
{Heap after GC invocations=63 (full 0):
 garbage-first heap   total 335872K, used 190723K [0x0000000080000000, 0x0000000100000000)
  region size 1024K, 8 young (8192K), 8 survivors (8192K)
 Metaspace       used 102222K, committed 103488K, reserved 557056K
  class space    used 14359K, committed 14912K, reserved 425984K
}
Event: 119.990 GC heap before
{Heap before GC invocations=63 (full 0):
 garbage-first heap   total 335872K, used 260355K [0x0000000080000000, 0x0000000100000000)
  region size 1024K, 76 young (77824K), 8 survivors (8192K)
 Metaspace       used 102982K, committed 104192K, reserved 557056K
  class space    used 14413K, committed 14976K, reserved 425984K
}
Event: 120.007 GC heap after
{Heap after GC invocations=64 (full 0):
 garbage-first heap   total 335872K, used 197914K [0x0000000080000000, 0x0000000100000000)
  region size 1024K, 7 young (7168K), 7 survivors (7168K)
 Metaspace       used 102982K, committed 104192K, reserved 557056K
  class space    used 14413K, committed 14976K, reserved 425984K
}
Event: 120.962 GC heap before
{Heap before GC invocations=64 (full 0):
 garbage-first heap   total 335872K, used 265498K [0x0000000080000000, 0x0000000100000000)
  region size 1024K, 73 young (74752K), 7 survivors (7168K)
 Metaspace       used 103976K, committed 105280K, reserved 557056K
  class space    used 14549K, committed 15168K, reserved 425984K
}
Event: 120.977 GC heap after
{Heap after GC invocations=65 (full 0):
 garbage-first heap   total 335872K, used 204443K [0x0000000080000000, 0x0000000100000000)
  region size 1024K, 7 young (7168K), 7 survivors (7168K)
 Metaspace       used 103976K, committed 105280K, reserved 557056K
  class space    used 14549K, committed 15168K, reserved 425984K
}
Event: 122.110 GC heap before
{Heap before GC invocations=66 (full 0):
 garbage-first heap   total 367616K, used 267931K [0x0000000080000000, 0x0000000100000000)
  region size 1024K, 70 young (71680K), 7 survivors (7168K)
 Metaspace       used 104466K, committed 105728K, reserved 557056K
  class space    used 14601K, committed 15168K, reserved 425984K
}
Event: 122.125 GC heap after
{Heap after GC invocations=67 (full 0):
 garbage-first heap   total 367616K, used 209172K [0x0000000080000000, 0x0000000100000000)
  region size 1024K, 6 young (6144K), 6 survivors (6144K)
 Metaspace       used 104466K, committed 105728K, reserved 557056K
  class space    used 14601K, committed 15168K, reserved 425984K
}
Event: 122.323 GC heap before
{Heap before GC invocations=67 (full 0):
 garbage-first heap   total 367616K, used 220436K [0x0000000080000000, 0x0000000100000000)
  region size 1024K, 17 young (17408K), 6 survivors (6144K)
 Metaspace       used 104466K, committed 105728K, reserved 557056K
  class space    used 14601K, committed 15168K, reserved 425984K
}
Event: 122.332 GC heap after
{Heap after GC invocations=68 (full 0):
 garbage-first heap   total 367616K, used 209162K [0x0000000080000000, 0x0000000100000000)
  region size 1024K, 2 young (2048K), 2 survivors (2048K)
 Metaspace       used 104466K, committed 105728K, reserved 557056K
  class space    used 14601K, committed 15168K, reserved 425984K
}

